# JRE version: Java(TM) SE Runtime Environment (8.0_31-b13) (build 1.8.0_31-b13)
# Java VM: Java HotSpot(TM) 64-Bit Server VM (25.31-b07 mixed mode windows-amd64 compressed oops)
Heap:
 PSYoungGen      total 141824K, used 68291K [0x000000076ae00000, 0x000000077c780000, 0x00000007c0000000)
  eden space 131072K, 47% used [0x000000076ae00000,0x000000076eaba020,0x0000000772e00000)
  from space 10752K, 56% used [0x0000000772e00000,0x00000007733f6c50,0x0000000773880000)
  to   space 13312K, 0% used [0x000000077ba80000,0x000000077ba80000,0x000000077c780000)
 ParOldGen       total 77312K, used 9909K [0x00000006c0a00000, 0x00000006c5580000, 0x000000076ae00000)
  object space 77312K, 12% used [0x00000006c0a00000,0x00000006c13ad5e0,0x00000006c5580000)
 Metaspace       used 29208K, capacity 29536K, committed 29952K, reserved 1075200K
  class space    used 3972K, capacity 4054K, committed 4096K, reserved 1048576K
GC Heap History (10 events):
Event: 307.622 GC heap before
{Heap before GC invocations=2 (full 0):
 PSYoungGen      total 76288K, used 74852K [0x000000076ae00000, 0x0000000770300000, 0x00000007c0000000)
  eden space 65536K, 100% used [0x000000076ae00000,0x000000076ee00000,0x000000076ee00000)
  from space 10752K, 86% used [0x000000076ee00000,0x000000076f7190a8,0x000000076f880000)
  to   space 10752K, 0% used [0x000000076f880000,0x000000076f880000,0x0000000770300000)
 ParOldGen       total 175104K, used 179K [0x00000006c0a00000, 0x00000006cb500000, 0x000000076ae00000)
  object space 175104K, 0% used [0x00000006c0a00000,0x00000006c0a2cc70,0x00000006cb500000)
 Metaspace       used 20329K, capacity 20612K, committed 20864K, reserved 1067008K
  class space    used 2581K, capacity 2664K, committed 2688K, reserved 1048576K
Event: 307.629 GC heap after
Heap after GC invocations=2 (full 0):
 PSYoungGen      total 76288K, used 10721K [0x000000076ae00000, 0x0000000770300000, 0x00000007c0000000)
  eden space 65536K, 0% used [0x000000076ae00000,0x000000076ae00000,0x000000076ee00000)
  from space 10752K, 99% used [0x000000076f880000,0x00000007702f8410,0x0000000770300000)
  to   space 10752K, 0% used [0x000000076ee00000,0x000000076ee00000,0x000000076f880000)
 ParOldGen       total 175104K, used 1014K [0x00000006c0a00000, 0x00000006cb500000, 0x000000076ae00000)
  object space 175104K, 0% used [0x00000006c0a00000,0x00000006c0afda28,0x00000006cb500000)
 Metaspace       used 20329K, capacity 20612K, committed 20864K, reserved 1067008K
  class space    used 2581K, capacity 2664K, committed 2688K, reserved 1048576K
}
Event: 307.664 GC heap before
{Heap before GC invocations=3 (full 0):
 PSYoungGen      total 76288K, used 17265K [0x000000076ae00000, 0x0000000770300000, 0x00000007c0000000)
  eden space 65536K, 9% used [0x000000076ae00000,0x000000076b464268,0x000000076ee00000)
  from space 10752K, 99% used [0x000000076f880000,0x00000007702f8410,0x0000000770300000)
  to   space 10752K, 0% used [0x000000076ee00000,0x000000076ee00000,0x000000076f880000)
 ParOldGen       total 175104K, used 1014K [0x00000006c0a00000, 0x00000006cb500000, 0x000000076ae00000)
  object space 175104K, 0% used [0x00000006c0a00000,0x00000006c0afda28,0x00000006cb500000)
 Metaspace       used 20688K, capacity 20964K, committed 21248K, reserved 1067008K
  class space    used 2637K, capacity 2696K, committed 2816K, reserved 1048576K
Event: 307.671 GC heap after
Heap after GC invocations=3 (full 0):
 PSYoungGen      total 76288K, used 9849K [0x000000076ae00000, 0x0000000774300000, 0x00000007c0000000)
  eden space 65536K, 0% used [0x000000076ae00000,0x000000076ae00000,0x000000076ee00000)
  from space 10752K, 91% used [0x000000076ee00000,0x000000076f79e7a0,0x000000076f880000)
  to   space 10752K, 0% used [0x0000000773880000,0x0000000773880000,0x0000000774300000)
 ParOldGen       total 175104K, used 1022K [0x00000006c0a00000, 0x00000006cb500000, 0x000000076ae00000)
  object space 175104K, 0% used [0x00000006c0a00000,0x00000006c0affa28,0x00000006cb500000)
 Metaspace       used 20688K, capacity 20964K, committed 21248K, reserved 1067008K
  class space    used 2637K, capacity 2696K, committed 2816K, reserved 1048576K
}
Event: 307.671 GC heap before
{Heap before GC invocations=4 (full 1):
 PSYoungGen      total 76288K, used 9849K [0x000000076ae00000, 0x0000000774300000, 0x00000007c0000000)
  eden space 65536K, 0% used [0x000000076ae00000,0x000000076ae00000,0x000000076ee00000)
  from space 10752K, 91% used [0x000000076ee00000,0x000000076f79e7a0,0x000000076f880000)
  to   space 10752K, 0% used [0x0000000773880000,0x0000000773880000,0x0000000774300000)
 ParOldGen       total 175104K, used 1022K [0x00000006c0a00000, 0x00000006cb500000, 0x000000076ae00000)
  object space 175104K, 0% used [0x00000006c0a00000,0x00000006c0affa28,0x00000006cb500000)
 Metaspace       used 20688K, capacity 20964K, committed 21248K, reserved 1067008K
  class space    used 2637K, capacity 2696K, committed 2816K, reserved 1048576K
Event: 307.719 GC heap after
Heap after GC invocations=4 (full 1):
 PSYoungGen      total 76288K, used 0K [0x000000076ae00000, 0x0000000774300000, 0x00000007c0000000)
  eden space 65536K, 0% used [0x000000076ae00000,0x000000076ae00000,0x000000076ee00000)
  from space 10752K, 0% used [0x000000076ee00000,0x000000076ee00000,0x000000076f880000)
  to   space 10752K, 0% used [0x0000000773880000,0x0000000773880000,0x0000000774300000)
 ParOldGen       total 77312K, used 9893K [0x00000006c0a00000, 0x00000006c5580000, 0x000000076ae00000)
  object space 77312K, 12% used [0x00000006c0a00000,0x00000006c13a95e0,0x00000006c5580000)
 Metaspace       used 20687K, capacity 20962K, committed 21248K, reserved 1067008K
  class space    used 2637K, capacity 2695K, committed 2816K, reserved 1048576K
}
Event: 309.933 GC heap before
{Heap before GC invocations=5 (full 1):
 PSYoungGen      total 76288K, used 65536K [0x000000076ae00000, 0x0000000774300000, 0x00000007c0000000)
  eden space 65536K, 100% used [0x000000076ae00000,0x000000076ee00000,0x000000076ee00000)
  from space 10752K, 0% used [0x000000076ee00000,0x000000076ee00000,0x000000076f880000)
  to   space 10752K, 0% used [0x0000000773880000,0x0000000773880000,0x0000000774300000)
 ParOldGen       total 77312K, used 9893K [0x00000006c0a00000, 0x00000006c5580000, 0x000000076ae00000)
  object space 77312K, 12% used [0x00000006c0a00000,0x00000006c13a95e0,0x00000006c5580000)
 Metaspace       used 23345K, capacity 23680K, committed 24064K, reserved 1071104K
  class space    used 2942K, capacity 3020K, committed 3072K, reserved 1048576K
Event: 309.939 GC heap after
Heap after GC invocations=5 (full 1):
 PSYoungGen      total 141824K, used 3307K [0x000000076ae00000, 0x0000000774300000, 0x00000007c0000000)
  eden space 131072K, 0% used [0x000000076ae00000,0x000000076ae00000,0x0000000772e00000)
  from space 10752K, 30% used [0x0000000773880000,0x0000000773bbae20,0x0000000774300000)
  to   space 10752K, 0% used [0x0000000772e00000,0x0000000772e00000,0x0000000773880000)
 ParOldGen       total 77312K, used 9901K [0x00000006c0a00000, 0x00000006c5580000, 0x000000076ae00000)
  object space 77312K, 12% used [0x00000006c0a00000,0x00000006c13ab5e0,0x00000006c5580000)
 Metaspace       used 23345K, capacity 23680K, committed 24064K, reserved 1071104K
  class space    used 2942K, capacity 3020K, committed 3072K, reserved 1048576K
}
Event: 314.391 GC heap before
{Heap before GC invocations=6 (full 1):
 PSYoungGen      total 141824K, used 134379K [0x000000076ae00000, 0x0000000774300000, 0x00000007c0000000)
  eden space 131072K, 100% used [0x000000076ae00000,0x0000000772e00000,0x0000000772e00000)
  from space 10752K, 30% used [0x0000000773880000,0x0000000773bbae20,0x0000000774300000)
  to   space 10752K, 0% used [0x0000000772e00000,0x0000000772e00000,0x0000000773880000)
 ParOldGen       total 77312K, used 9901K [0x00000006c0a00000, 0x00000006c5580000, 0x000000076ae00000)
  object space 77312K, 12% used [0x00000006c0a00000,0x00000006c13ab5e0,0x00000006c5580000)
 Metaspace       used 28002K, capacity 28352K, committed 28800K, reserved 1075200K
  class space    used 3752K, capacity 3852K, committed 3968K, reserved 1048576K
Event: 314.398 GC heap after
Heap after GC invocations=6 (full 1):
 PSYoungGen      total 141824K, used 6107K [0x000000076ae00000, 0x000000077c780000, 0x00000007c0000000)
  eden space 131072K, 0% used [0x000000076ae00000,0x000000076ae00000,0x0000000772e00000)
  from space 10752K, 56% used [0x0000000772e00000,0x00000007733f6c50,0x0000000773880000)
  to   space 13312K, 0% used [0x000000077ba80000,0x000000077ba80000,0x000000077c780000)
 ParOldGen       total 77312K, used 9909K [0x00000006c0a00000, 0x00000006c5580000, 0x000000076ae00000)
  object space 77312K, 12% used [0x00000006c0a00000,0x00000006c13ad5e0,0x00000006c5580000)
 Metaspace       used 28002K, capacity 28352K, committed 28800K, reserved 1075200K
  class space    used 3752K, capacity 3852K, committed 3968K, reserved 1048576K
}

