# JRE version: Java(TM) SE Runtime Environment (8.0_31-b13) (build 1.8.0_31-b13)
# Java VM: Java HotSpot(TM) 64-Bit Server VM (25.31-b07 mixed mode windows-amd64 compressed oops)
Heap:
 PSYoungGen      total 555520K, used 379271K [0x000000076ae00000, 0x00000007a8b00000, 0x00000007c0000000)
  eden space 496640K, 66% used [0x000000076ae00000,0x000000077f137a00,0x0000000789300000)
  from space 58880K, 82% used [0x0000000789300000,0x000000078c22a280,0x000000078cc80000)
  to   space 109056K, 0% used [0x00000007a2080000,0x00000007a2080000,0x00000007a8b00000)
 ParOldGen       total 318464K, used 174909K [0x00000006c0a00000, 0x00000006d4100000, 0x000000076ae00000)
  object space 318464K, 54% used [0x00000006c0a00000,0x00000006cb4cf608,0x00000006d4100000)
 Metaspace       used 24414K, capacity 24760K, committed 25088K, reserved 1071104K
  class space    used 2953K, capacity 3056K, committed 3072K, reserved 1048576K
GC Heap History (10 events):
Event: 17.468 GC heap before
{Heap before GC invocations=6 (full 0):
 PSYoungGen      total 141824K, used 141792K [0x000000076ae00000, 0x000000077dc00000, 0x00000007c0000000)
  eden space 131072K, 100% used [0x000000076ae00000,0x0000000772e00000,0x0000000772e00000)
  from space 10752K, 99% used [0x0000000772e00000,0x0000000773878030,0x0000000773880000)
  to   space 23552K, 0% used [0x000000077c500000,0x000000077c500000,0x000000077dc00000)
 ParOldGen       total 175104K, used 19248K [0x00000006c0a00000, 0x00000006cb500000, 0x000000076ae00000)
  object space 175104K, 10% used [0x00000006c0a00000,0x00000006c1ccc020,0x00000006cb500000)
 Metaspace       used 15419K, capacity 15556K, committed 16000K, reserved 1062912K
  class space    used 2004K, capacity 2061K, committed 2176K, reserved 1048576K
Event: 17.480 GC heap after
Heap after GC invocations=6 (full 0):
 PSYoungGen      total 283136K, used 20256K [0x000000076ae00000, 0x000000077e100000, 0x00000007c0000000)
  eden space 259584K, 0% used [0x000000076ae00000,0x000000076ae00000,0x000000077ab80000)
  from space 23552K, 86% used [0x000000077c500000,0x000000077d8c8010,0x000000077dc00000)
  to   space 26112K, 0% used [0x000000077ab80000,0x000000077ab80000,0x000000077c500000)
 ParOldGen       total 175104K, used 19256K [0x00000006c0a00000, 0x00000006cb500000, 0x000000076ae00000)
  object space 175104K, 10% used [0x00000006c0a00000,0x00000006c1cce020,0x00000006cb500000)
 Metaspace       used 15419K, capacity 15556K, committed 16000K, reserved 1062912K
  class space    used 2004K, capacity 2061K, committed 2176K, reserved 1048576K
}
Event: 17.683 GC heap before
{Heap before GC invocations=7 (full 0):
 PSYoungGen      total 283136K, used 279840K [0x000000076ae00000, 0x000000077e100000, 0x00000007c0000000)
  eden space 259584K, 100% used [0x000000076ae00000,0x000000077ab80000,0x000000077ab80000)
  from space 23552K, 86% used [0x000000077c500000,0x000000077d8c8010,0x000000077dc00000)
  to   space 26112K, 0% used [0x000000077ab80000,0x000000077ab80000,0x000000077c500000)
 ParOldGen       total 175104K, used 19256K [0x00000006c0a00000, 0x00000006cb500000, 0x000000076ae00000)
  object space 175104K, 10% used [0x00000006c0a00000,0x00000006c1cce020,0x00000006cb500000)
 Metaspace       used 15419K, capacity 15556K, committed 16000K, reserved 1062912K
  class space    used 2004K, capacity 2061K, committed 2176K, reserved 1048576K
Event: 17.706 GC heap after
Heap after GC invocations=7 (full 0):
 PSYoungGen      total 285696K, used 26080K [0x000000076ae00000, 0x000000078f000000, 0x00000007c0000000)
  eden space 259584K, 0% used [0x000000076ae00000,0x000000076ae00000,0x000000077ab80000)
  from space 26112K, 99% used [0x000000077ab80000,0x000000077c4f8010,0x000000077c500000)
  to   space 36352K, 0% used [0x000000078cc80000,0x000000078cc80000,0x000000078f000000)
 ParOldGen       total 175104K, used 32240K [0x00000006c0a00000, 0x00000006cb500000, 0x000000076ae00000)
  object space 175104K, 18% used [0x00000006c0a00000,0x00000006c297c3d8,0x00000006cb500000)
 Metaspace       used 15419K, capacity 15556K, committed 16000K, reserved 1062912K
  class space    used 2004K, capacity 2061K, committed 2176K, reserved 1048576K
}
Event: 19.222 GC heap before
{Heap before GC invocations=8 (full 0):
 PSYoungGen      total 285696K, used 285664K [0x000000076ae00000, 0x000000078f000000, 0x00000007c0000000)
  eden space 259584K, 100% used [0x000000076ae00000,0x000000077ab80000,0x000000077ab80000)
  from space 26112K, 99% used [0x000000077ab80000,0x000000077c4f8010,0x000000077c500000)
  to   space 36352K, 0% used [0x000000078cc80000,0x000000078cc80000,0x000000078f000000)
 ParOldGen       total 175104K, used 32240K [0x00000006c0a00000, 0x00000006cb500000, 0x000000076ae00000)
  object space 175104K, 18% used [0x00000006c0a00000,0x00000006c297c3d8,0x00000006cb500000)
 Metaspace       used 16361K, capacity 16556K, committed 16768K, reserved 1064960K
  class space    used 2044K, capacity 2105K, committed 2176K, reserved 1048576K
Event: 19.256 GC heap after
Heap after GC invocations=8 (full 0):
 PSYoungGen      total 532992K, used 36320K [0x000000076ae00000, 0x0000000791c00000, 0x00000007c0000000)
  eden space 496640K, 0% used [0x000000076ae00000,0x000000076ae00000,0x0000000789300000)
  from space 36352K, 99% used [0x000000078cc80000,0x000000078eff8010,0x000000078f000000)
  to   space 58880K, 0% used [0x0000000789300000,0x0000000789300000,0x000000078cc80000)
 ParOldGen       total 175104K, used 70367K [0x00000006c0a00000, 0x00000006cb500000, 0x000000076ae00000)
  object space 175104K, 40% used [0x00000006c0a00000,0x00000006c4eb7de0,0x00000006cb500000)
 Metaspace       used 16361K, capacity 16556K, committed 16768K, reserved 1064960K
  class space    used 2044K, capacity 2105K, committed 2176K, reserved 1048576K
}
Event: 56.834 GC heap before
{Heap before GC invocations=9 (full 0):
 PSYoungGen      total 532992K, used 532960K [0x000000076ae00000, 0x0000000791c00000, 0x00000007c0000000)
  eden space 496640K, 100% used [0x000000076ae00000,0x0000000789300000,0x0000000789300000)
  from space 36352K, 99% used [0x000000078cc80000,0x000000078eff8010,0x000000078f000000)
  to   space 58880K, 0% used [0x0000000789300000,0x0000000789300000,0x000000078cc80000)
 ParOldGen       total 175104K, used 70367K [0x00000006c0a00000, 0x00000006cb500000, 0x000000076ae00000)
  object space 175104K, 40% used [0x00000006c0a00000,0x00000006c4eb7de0,0x00000006cb500000)
 Metaspace       used 17256K, capacity 17484K, committed 17792K, reserved 1064960K
  class space    used 2068K, capacity 2137K, committed 2176K, reserved 1048576K
Event: 56.941 GC heap after
Heap after GC invocations=9 (full 0):
 PSYoungGen      total 555520K, used 58848K [0x000000076ae00000, 0x00000007a8b00000, 0x00000007c0000000)
  eden space 496640K, 0% used [0x000000076ae00000,0x000000076ae00000,0x0000000789300000)
  from space 58880K, 99% used [0x0000000789300000,0x000000078cc78010,0x000000078cc80000)
  to   space 109056K, 0% used [0x00000007a2080000,0x00000007a2080000,0x00000007a8b00000)
 ParOldGen       total 175104K, used 169374K [0x00000006c0a00000, 0x00000006cb500000, 0x000000076ae00000)
  object space 175104K, 96% used [0x00000006c0a00000,0x00000006caf67a40,0x00000006cb500000)
 Metaspace       used 17256K, capacity 17484K, committed 17792K, reserved 1064960K
  class space    used 2068K, capacity 2137K, committed 2176K, reserved 1048576K
}
Event: 56.941 GC heap before
{Heap before GC invocations=10 (full 1):
 PSYoungGen      total 555520K, used 58848K [0x000000076ae00000, 0x00000007a8b00000, 0x00000007c0000000)
  eden space 496640K, 0% used [0x000000076ae00000,0x000000076ae00000,0x0000000789300000)
  from space 58880K, 99% used [0x0000000789300000,0x000000078cc78010,0x000000078cc80000)
  to   space 109056K, 0% used [0x00000007a2080000,0x00000007a2080000,0x00000007a8b00000)
 ParOldGen       total 175104K, used 169374K [0x00000006c0a00000, 0x00000006cb500000, 0x000000076ae00000)
  object space 175104K, 96% used [0x00000006c0a00000,0x00000006caf67a40,0x00000006cb500000)
 Metaspace       used 17256K, capacity 17484K, committed 17792K, reserved 1064960K
  class space    used 2068K, capacity 2137K, committed 2176K, reserved 1048576K
Event: 58.003 GC heap after
Heap after GC invocations=10 (full 1):
 PSYoungGen      total 555520K, used 48296K [0x000000076ae00000, 0x00000007a8b00000, 0x00000007c0000000)
  eden space 496640K, 0% used [0x000000076ae00000,0x000000076ae00000,0x0000000789300000)
  from space 58880K, 82% used [0x0000000789300000,0x000000078c22a280,0x000000078cc80000)
  to   space 109056K, 0% used [0x00000007a2080000,0x00000007a2080000,0x00000007a8b00000)
 ParOldGen       total 318464K, used 174909K [0x00000006c0a00000, 0x00000006d4100000, 0x000000076ae00000)
  object space 318464K, 54% used [0x00000006c0a00000,0x00000006cb4cf608,0x00000006d4100000)
 Metaspace       used 17255K, capacity 17482K, committed 17792K, reserved 1064960K
  class space    used 2067K, capacity 2136K, committed 2176K, reserved 1048576K
}

