# JRE version: Java(TM) SE Runtime Environment (8.0_31-b13) (build 1.8.0_31-b13)
# Java VM: Java HotSpot(TM) 64-Bit Server VM (25.31-b07 mixed mode windows-amd64 compressed oops)
Heap:
 PSYoungGen      total 61952K, used 5476K [0x000000076ae00000, 0x0000000770000000, 0x00000007c0000000)
  eden space 59392K, 4% used [0x000000076ae00000,0x000000076b0dcbc8,0x000000076e800000)
  from space 2560K, 99% used [0x000000076e900000,0x000000076eb7c520,0x000000076eb80000)
  to   space 12288K, 0% used [0x000000076f400000,0x000000076f400000,0x0000000770000000)
 ParOldGen       total 101376K, used 23949K [0x00000006c0a00000, 0x00000006c6d00000, 0x000000076ae00000)
  object space 101376K, 23% used [0x00000006c0a00000,0x00000006c2163550,0x00000006c6d00000)
 Metaspace       used 36773K, capacity 37080K, committed 37416K, reserved 1081344K
  class space    used 4591K, capacity 4656K, committed 4656K, reserved 1048576K
GC Heap History (10 events):
Event: 184.179 GC heap before
{Heap before GC invocations=7 (full 1):
 PSYoungGen      total 74752K, used 65879K [0x000000076ae00000, 0x0000000770a80000, 0x00000007c0000000)
  eden space 64000K, 100% used [0x000000076ae00000,0x000000076ec80000,0x000000076ec80000)
  from space 10752K, 17% used [0x000000076ee00000,0x000000076efd5c80,0x000000076f880000)
  to   space 15360K, 0% used [0x000000076fb80000,0x000000076fb80000,0x0000000770a80000)
 ParOldGen       total 103424K, used 18489K [0x00000006c0a00000, 0x00000006c6f00000, 0x000000076ae00000)
  object space 103424K, 17% used [0x00000006c0a00000,0x00000006c1c0e4c0,0x00000006c6f00000)
 Metaspace       used 30847K, capacity 31141K, committed 31536K, reserved 1077248K
  class space    used 3999K, capacity 4044K, committed 4144K, reserved 1048576K
Event: 184.199 GC heap after
Heap after GC invocations=7 (full 1):
 PSYoungGen      total 73216K, used 6031K [0x000000076ae00000, 0x0000000770600000, 0x00000007c0000000)
  eden space 62464K, 0% used [0x000000076ae00000,0x000000076ae00000,0x000000076eb00000)
  from space 10752K, 56% used [0x000000076fb80000,0x0000000770163e88,0x0000000770600000)
  to   space 13824K, 0% used [0x000000076eb00000,0x000000076eb00000,0x000000076f880000)
 ParOldGen       total 103424K, used 18497K [0x00000006c0a00000, 0x00000006c6f00000, 0x000000076ae00000)
  object space 103424K, 17% used [0x00000006c0a00000,0x00000006c1c104c0,0x00000006c6f00000)
 Metaspace       used 30847K, capacity 31141K, committed 31536K, reserved 1077248K
  class space    used 3999K, capacity 4044K, committed 4144K, reserved 1048576K
}
Event: 184.881 GC heap before
{Heap before GC invocations=8 (full 1):
 PSYoungGen      total 73216K, used 68495K [0x000000076ae00000, 0x0000000770600000, 0x00000007c0000000)
  eden space 62464K, 100% used [0x000000076ae00000,0x000000076eb00000,0x000000076eb00000)
  from space 10752K, 56% used [0x000000076fb80000,0x0000000770163e88,0x0000000770600000)
  to   space 13824K, 0% used [0x000000076eb00000,0x000000076eb00000,0x000000076f880000)
 ParOldGen       total 103424K, used 18497K [0x00000006c0a00000, 0x00000006c6f00000, 0x000000076ae00000)
  object space 103424K, 17% used [0x00000006c0a00000,0x00000006c1c104c0,0x00000006c6f00000)
 Metaspace       used 31968K, capacity 32325K, committed 32816K, reserved 1077248K
  class space    used 4218K, capacity 4310K, committed 4400K, reserved 1048576K
Event: 184.885 GC heap after
Heap after GC invocations=8 (full 1):
 PSYoungGen      total 67584K, used 5645K [0x000000076ae00000, 0x0000000770300000, 0x00000007c0000000)
  eden space 61440K, 0% used [0x000000076ae00000,0x000000076ae00000,0x000000076ea00000)
  from space 6144K, 91% used [0x000000076eb00000,0x000000076f083688,0x000000076f100000)
  to   space 12800K, 0% used [0x000000076f680000,0x000000076f680000,0x0000000770300000)
 ParOldGen       total 103424K, used 18505K [0x00000006c0a00000, 0x00000006c6f00000, 0x000000076ae00000)
  object space 103424K, 17% used [0x00000006c0a00000,0x00000006c1c124c0,0x00000006c6f00000)
 Metaspace       used 31968K, capacity 32325K, committed 32816K, reserved 1077248K
  class space    used 4218K, capacity 4310K, committed 4400K, reserved 1048576K
}
Event: 187.041 GC heap before
{Heap before GC invocations=9 (full 1):
 PSYoungGen      total 67584K, used 29778K [0x000000076ae00000, 0x0000000770300000, 0x00000007c0000000)
  eden space 61440K, 39% used [0x000000076ae00000,0x000000076c5911b8,0x000000076ea00000)
  from space 6144K, 91% used [0x000000076eb00000,0x000000076f083688,0x000000076f100000)
  to   space 12800K, 0% used [0x000000076f680000,0x000000076f680000,0x0000000770300000)
 ParOldGen       total 103424K, used 18505K [0x00000006c0a00000, 0x00000006c6f00000, 0x000000076ae00000)
  object space 103424K, 17% used [0x00000006c0a00000,0x00000006c1c124c0,0x00000006c6f00000)
 Metaspace       used 34833K, capacity 35170K, committed 35496K, reserved 1081344K
  class space    used 4394K, capacity 4470K, committed 4528K, reserved 1048576K
Event: 187.047 GC heap after
Heap after GC invocations=9 (full 1):
 PSYoungGen      total 71168K, used 5118K [0x000000076ae00000, 0x0000000770100000, 0x00000007c0000000)
  eden space 60416K, 0% used [0x000000076ae00000,0x000000076ae00000,0x000000076e900000)
  from space 10752K, 47% used [0x000000076f680000,0x000000076fb7fbc8,0x0000000770100000)
  to   space 12288K, 0% used [0x000000076e900000,0x000000076e900000,0x000000076f500000)
 ParOldGen       total 103424K, used 20074K [0x00000006c0a00000, 0x00000006c6f00000, 0x000000076ae00000)
  object space 103424K, 19% used [0x00000006c0a00000,0x00000006c1d9ab20,0x00000006c6f00000)
 Metaspace       used 34833K, capacity 35170K, committed 35496K, reserved 1081344K
  class space    used 4394K, capacity 4470K, committed 4528K, reserved 1048576K
}
Event: 187.047 GC heap before
{Heap before GC invocations=10 (full 2):
 PSYoungGen      total 71168K, used 5118K [0x000000076ae00000, 0x0000000770100000, 0x00000007c0000000)
  eden space 60416K, 0% used [0x000000076ae00000,0x000000076ae00000,0x000000076e900000)
  from space 10752K, 47% used [0x000000076f680000,0x000000076fb7fbc8,0x0000000770100000)
  to   space 12288K, 0% used [0x000000076e900000,0x000000076e900000,0x000000076f500000)
 ParOldGen       total 103424K, used 20074K [0x00000006c0a00000, 0x00000006c6f00000, 0x000000076ae00000)
  object space 103424K, 19% used [0x00000006c0a00000,0x00000006c1d9ab20,0x00000006c6f00000)
 Metaspace       used 34833K, capacity 35170K, committed 35496K, reserved 1081344K
  class space    used 4394K, capacity 4470K, committed 4528K, reserved 1048576K
Event: 187.113 GC heap after
Heap after GC invocations=10 (full 2):
 PSYoungGen      total 71168K, used 0K [0x000000076ae00000, 0x0000000770100000, 0x00000007c0000000)
  eden space 60416K, 0% used [0x000000076ae00000,0x000000076ae00000,0x000000076e900000)
  from space 10752K, 0% used [0x000000076f680000,0x000000076f680000,0x0000000770100000)
  to   space 12288K, 0% used [0x000000076e900000,0x000000076e900000,0x000000076f500000)
 ParOldGen       total 101376K, used 23941K [0x00000006c0a00000, 0x00000006c6d00000, 0x000000076ae00000)
  object space 101376K, 23% used [0x00000006c0a00000,0x00000006c2161550,0x00000006c6d00000)
 Metaspace       used 34833K, capacity 35170K, committed 35496K, reserved 1081344K
  class space    used 4394K, capacity 4470K, committed 4528K, reserved 1048576K
}
Event: 191.044 GC heap before
{Heap before GC invocations=11 (full 2):
 PSYoungGen      total 71168K, used 60416K [0x000000076ae00000, 0x0000000770100000, 0x00000007c0000000)
  eden space 60416K, 100% used [0x000000076ae00000,0x000000076e900000,0x000000076e900000)
  from space 10752K, 0% used [0x000000076f680000,0x000000076f680000,0x0000000770100000)
  to   space 12288K, 0% used [0x000000076e900000,0x000000076e900000,0x000000076f500000)
 ParOldGen       total 101376K, used 23941K [0x00000006c0a00000, 0x00000006c6d00000, 0x000000076ae00000)
  object space 101376K, 23% used [0x00000006c0a00000,0x00000006c2161550,0x00000006c6d00000)
 Metaspace       used 36772K, capacity 37080K, committed 37416K, reserved 1081344K
  class space    used 4591K, capacity 4656K, committed 4656K, reserved 1048576K
Event: 191.047 GC heap after
Heap after GC invocations=11 (full 2):
 PSYoungGen      total 61952K, used 2545K [0x000000076ae00000, 0x0000000770000000, 0x00000007c0000000)
  eden space 59392K, 0% used [0x000000076ae00000,0x000000076ae00000,0x000000076e800000)
  from space 2560K, 99% used [0x000000076e900000,0x000000076eb7c520,0x000000076eb80000)
  to   space 12288K, 0% used [0x000000076f400000,0x000000076f400000,0x0000000770000000)
 ParOldGen       total 101376K, used 23949K [0x00000006c0a00000, 0x00000006c6d00000, 0x000000076ae00000)
  object space 101376K, 23% used [0x00000006c0a00000,0x00000006c2163550,0x00000006c6d00000)
 Metaspace       used 36772K, capacity 37080K, committed 37416K, reserved 1081344K
  class space    used 4591K, capacity 4656K, committed 4656K, reserved 1048576K
}

